# JRE version: OpenJDK Runtime Environment (21.0.6) (build 21.0.6+-13391695-b895.109)
# Java VM: OpenJDK 64-Bit Server VM (21.0.6+-13391695-b895.109, mixed mode, tiered, compressed oops, compressed class ptrs, g1 gc, windows-amd64)
GC Precious Log:
 CardTable entry size: 512
 Card Set container configuration: InlinePtr #cards 5 size 8 Array Of Cards #cards 12 size 40 Howl #buckets 4 coarsen threshold 1843 Howl Bitmap #cards 512 size 80 coarsen threshold 460 Card regions per heap region 1 cards per card region 2048
 CPUs: 4 total, 4 available
 Memory: 12169M
 Large Page Support: Disabled
 NUMA Support: Disabled
 Compressed Oops: Enabled (32-bit)
 Heap Region Size: 1M
 Heap Min Capacity: 8M
 Heap Initial Capacity: 192M
 Heap Max Capacity: 2G
 Pre-touch: Disabled
 Parallel Workers: 4
 Concurrent Workers: 1
 Concurrent Refinement Workers: 4
 Periodic GC: Disabled
Heap:
 garbage-first heap   total 223232K, used 129813K [0x0000000080000000, 0x0000000100000000)
  region size 1024K, 19 young (19456K), 12 survivors (12288K)
 Metaspace       used 126973K, committed 131712K, reserved 1179648K
  class space    used 16841K, committed 18496K, reserved 1048576K
GC Heap History (20 events):
Event: 162.378 GC heap before
{Heap before GC invocations=48 (full 0):
 garbage-first heap   total 165888K, used 142291K [0x0000000080000000, 0x0000000100000000)
  region size 1024K, 45 young (46080K), 4 survivors (4096K)
 Metaspace       used 102084K, committed 104000K, reserved 1179648K
  class space    used 13712K, committed 14656K, reserved 1048576K
}
Event: 162.404 GC heap after
{Heap after GC invocations=49 (full 0):
 garbage-first heap   total 165888K, used 111164K [0x0000000080000000, 0x0000000100000000)
  region size 1024K, 6 young (6144K), 6 survivors (6144K)
 Metaspace       used 102084K, committed 104000K, reserved 1179648K
  class space    used 13712K, committed 14656K, reserved 1048576K
}
Event: 174.736 GC heap before
{Heap before GC invocations=49 (full 0):
 garbage-first heap   total 165888K, used 144956K [0x0000000080000000, 0x0000000100000000)
  region size 1024K, 39 young (39936K), 6 survivors (6144K)
 Metaspace       used 104309K, committed 106304K, reserved 1179648K
  class space    used 13966K, committed 14976K, reserved 1048576K
}
Event: 174.757 GC heap after
{Heap after GC invocations=50 (full 0):
 garbage-first heap   total 165888K, used 116562K [0x0000000080000000, 0x0000000100000000)
  region size 1024K, 5 young (5120K), 5 survivors (5120K)
 Metaspace       used 104309K, committed 106304K, reserved 1179648K
  class space    used 13966K, committed 14976K, reserved 1048576K
}
Event: 181.440 GC heap before
{Heap before GC invocations=51 (full 0):
 garbage-first heap   total 194560K, used 147282K [0x0000000080000000, 0x0000000100000000)
  region size 1024K, 36 young (36864K), 5 survivors (5120K)
 Metaspace       used 105364K, committed 107392K, reserved 1179648K
  class space    used 14079K, committed 15104K, reserved 1048576K
}
Event: 181.459 GC heap after
{Heap after GC invocations=52 (full 0):
 garbage-first heap   total 194560K, used 119291K [0x0000000080000000, 0x0000000100000000)
  region size 1024K, 3 young (3072K), 3 survivors (3072K)
 Metaspace       used 105364K, committed 107392K, reserved 1179648K
  class space    used 14079K, committed 15104K, reserved 1048576K
}
Event: 189.902 GC heap before
{Heap before GC invocations=52 (full 0):
 garbage-first heap   total 194560K, used 166395K [0x0000000080000000, 0x0000000100000000)
  region size 1024K, 50 young (51200K), 3 survivors (3072K)
 Metaspace       used 105442K, committed 107520K, reserved 1179648K
  class space    used 14082K, committed 15104K, reserved 1048576K
}
Event: 189.919 GC heap after
{Heap after GC invocations=53 (full 0):
 garbage-first heap   total 194560K, used 120351K [0x0000000080000000, 0x0000000100000000)
  region size 1024K, 6 young (6144K), 6 survivors (6144K)
 Metaspace       used 105442K, committed 107520K, reserved 1179648K
  class space    used 14082K, committed 15104K, reserved 1048576K
}
Event: 197.050 GC heap before
{Heap before GC invocations=53 (full 0):
 garbage-first heap   total 194560K, used 171551K [0x0000000080000000, 0x0000000100000000)
  region size 1024K, 57 young (58368K), 6 survivors (6144K)
 Metaspace       used 110868K, committed 112960K, reserved 1179648K
  class space    used 14831K, committed 15872K, reserved 1048576K
}
Event: 197.065 GC heap after
{Heap after GC invocations=54 (full 0):
 garbage-first heap   total 194560K, used 122736K [0x0000000080000000, 0x0000000100000000)
  region size 1024K, 5 young (5120K), 5 survivors (5120K)
 Metaspace       used 110868K, committed 112960K, reserved 1179648K
  class space    used 14831K, committed 15872K, reserved 1048576K
}
Event: 200.898 GC heap before
{Heap before GC invocations=54 (full 0):
 garbage-first heap   total 194560K, used 177008K [0x0000000080000000, 0x0000000100000000)
  region size 1024K, 59 young (60416K), 5 survivors (5120K)
 Metaspace       used 119275K, committed 121408K, reserved 1179648K
  class space    used 16100K, committed 17152K, reserved 1048576K
}
Event: 200.910 GC heap after
{Heap after GC invocations=55 (full 0):
 garbage-first heap   total 194560K, used 123575K [0x0000000080000000, 0x0000000100000000)
  region size 1024K, 3 young (3072K), 3 survivors (3072K)
 Metaspace       used 119275K, committed 121408K, reserved 1179648K
  class space    used 16100K, committed 17152K, reserved 1048576K
}
Event: 212.788 GC heap before
{Heap before GC invocations=55 (full 0):
 garbage-first heap   total 194560K, used 179895K [0x0000000080000000, 0x0000000100000000)
  region size 1024K, 59 young (60416K), 3 survivors (3072K)
 Metaspace       used 123882K, committed 126016K, reserved 1179648K
  class space    used 16817K, committed 17856K, reserved 1048576K
}
Event: 212.800 GC heap after
{Heap after GC invocations=56 (full 0):
 garbage-first heap   total 194560K, used 125422K [0x0000000080000000, 0x0000000100000000)
  region size 1024K, 5 young (5120K), 5 survivors (5120K)
 Metaspace       used 123882K, committed 126016K, reserved 1179648K
  class space    used 16817K, committed 17856K, reserved 1048576K
}
Event: 219.777 GC heap before
{Heap before GC invocations=57 (full 0):
 garbage-first heap   total 214016K, used 212462K [0x0000000080000000, 0x0000000100000000)
  region size 1024K, 45 young (46080K), 5 survivors (5120K)
 Metaspace       used 127910K, committed 129984K, reserved 1179648K
  class space    used 17331K, committed 18368K, reserved 1048576K
}
Event: 219.801 GC heap after
{Heap after GC invocations=58 (full 0):
 garbage-first heap   total 223232K, used 129264K [0x0000000080000000, 0x0000000100000000)
  region size 1024K, 7 young (7168K), 7 survivors (7168K)
 Metaspace       used 127910K, committed 129984K, reserved 1179648K
  class space    used 17331K, committed 18368K, reserved 1048576K
}
Event: 2858.655 GC heap before
{Heap before GC invocations=58 (full 0):
 garbage-first heap   total 223232K, used 201968K [0x0000000080000000, 0x0000000100000000)
  region size 1024K, 79 young (80896K), 7 survivors (7168K)
 Metaspace       used 128988K, committed 131136K, reserved 1179648K
  class space    used 17446K, committed 18496K, reserved 1048576K
}
Event: 2858.672 GC heap after
{Heap after GC invocations=59 (full 0):
 garbage-first heap   total 223232K, used 114904K [0x0000000080000000, 0x0000000100000000)
  region size 1024K, 5 young (5120K), 5 survivors (5120K)
 Metaspace       used 128988K, committed 131136K, reserved 1179648K
  class space    used 17446K, committed 18496K, reserved 1048576K
}
Event: 3631.075 GC heap before
{Heap before GC invocations=59 (full 0):
 garbage-first heap   total 223232K, used 195800K [0x0000000080000000, 0x0000000100000000)
  region size 1024K, 86 young (88064K), 5 survivors (5120K)
 Metaspace       used 129507K, committed 131648K, reserved 1179648K
  class space    used 17453K, committed 18496K, reserved 1048576K
}
Event: 3631.130 GC heap after
{Heap after GC invocations=60 (full 0):
 garbage-first heap   total 223232K, used 124693K [0x0000000080000000, 0x0000000100000000)
  region size 1024K, 12 young (12288K), 12 survivors (12288K)
 Metaspace       used 129507K, committed 131648K, reserved 1179648K
  class space    used 17453K, committed 18496K, reserved 1048576K
}

